[+] Containers:
 |- [+] Container: /Game/ThirdPersonMap
 |   |- [+] ActorDescs:
 |   |   |- Guid:03ACFCE94C4B15FAF8A470BEB5F602AE BaseClass: NativeClass:/Script/Engine.DirectionalLight Name:DirectionalLight_0 Label:DirectionalLight SpatiallyLoaded:0 Bounds:IsValid=true, Min=(X=-4398046511104.000 Y=-4398046511104.000 Z=-4398046511104.000), Max=(X=4398046511104.000 Y=4398046511104.000 Z=4398046511104.000) RuntimeGrid:None EditorOnly:0 RuntimeOnly:0 HLODRelevant:0 FolderPath:Lighting/World FolderGuid:0E6E4D544E1D6EC1125C6884D799B962
 |   |   |- Guid:0554D71B4FD7A7A66F4A2687E858F883 BaseClass: NativeClass:/Script/Engine.StaticMeshActor Name:StaticMeshActor_UAID_088FC32AD52423B701_1448634569 Label:effy4_arm001 SpatiallyLoaded:1 Bounds:IsValid=true, Min=(X=295.925 Y=-2056.493 Z=158.129), Max=(X=310.748 Y=-2011.529 Z=205.632) RuntimeGrid:None EditorOnly:0 RuntimeOnly:0 HLODRelevant:1
 |   |   |- Guid:0FB4DAF14ADA3786410DE9BA1B900181 BaseClass:/Game/ThirdPerson/Maps/_GENERATED/1028560/Door/BP_Door1.BP_Door1_C NativeClass:/Script/Engine.Actor Name:BP_Door1_C_UAID_088FC32AD524A9B601_1478261097 Label:BP_Door1 SpatiallyLoaded:1 Bounds:IsValid=true, Min=(X=-2040.496 Y=2060.055 Z=-549.342), Max=(X=-1998.844 Y=2285.598 Z=-284.947) RuntimeGrid:None EditorOnly:0 RuntimeOnly:0 HLODRelevant:0 FolderPath:Doors FolderGuid:3E4B196D415042C0A78517B56E352A67
 |   |   |- Guid:17F4485E4315D324882BF3AEA69263FE BaseClass: NativeClass:/Script/Engine.StaticMeshActor Name:StaticMeshActor_UAID_088FC32AD52423B701_1210718568 Label:effy4_Cylinder001 SpatiallyLoaded:1 Bounds:IsValid=true, Min=(X=253.941 Y=-2099.149 Z=153.077), Max=(X=329.971 Y=-2020.007 Z=199.980) RuntimeGrid:None EditorOnly:0 RuntimeOnly:0 HLODRelevant:1
 |   |   |- Guid:1945C3694AFC81C135D79BA14CAE75D8 BaseClass: NativeClass:/Script/Engine.SkeletalMeshActor Name:SkeletalMeshActor_UAID_D85ED3A2930653B601_1719248972 Label:DragonTheUsurper_Physics SpatiallyLoaded:1 Bounds:IsValid=true, Min=(X=-1982.121 Y=-6905.105 Z=98.075), Max=(X=-214.567 Y=-5257.835 Z=754.095) RuntimeGrid:None EditorOnly:0 RuntimeOnly:0 HLODRelevant:0 FolderPath:Enemies FolderGuid:8D000C48462CB4810DECFF89E0F56A19
 |   |   |- Guid:1CD5B78443E0F2396F0F999CBB2E0EEB BaseClass: NativeClass:/Script/Engine.RectLight Name:RectLight_UAID_D85ED35F0F6851B601_1570619608 Label:RectLight SpatiallyLoaded:1 Bounds:IsValid=true, Min=(X=-5051.950 Y=-4141.950 Z=-6061.950), Max=(X=7451.950 Y=8361.950 Z=6441.950) RuntimeGrid:None EditorOnly:0 RuntimeOnly:0 HLODRelevant:0 FolderPath:Lighting/StaticLights FolderGuid:D383604B475E51E0FEF98583AF778C9D
 |   |   |- Guid:2077931242C50138E8B85AB88B4BCC7B BaseClass: NativeClass:/Script/Engine.StaticMeshActor Name:StaticMeshActor_UAID_088FC32AD52423B701_1964718574 Label:effy4_Cone001 SpatiallyLoaded:1 Bounds:IsValid=true, Min=(X=264.067 Y=-2088.319 Z=205.415), Max=(X=308.084 Y=-2019.864 Z=279.573) RuntimeGrid:None EditorOnly:0 RuntimeOnly:0 HLODRelevant:1
 |   |   |- Guid:22DA87B04E1E0A1E881CD5B481DC3E09 BaseClass:/Game/ThirdPerson/Maps/_GENERATED/1028560/Door/BP_Door5.BP_Door5_C NativeClass:/Script/Engine.Actor Name:BP_Door5_C_UAID_088FC32AD524ACB601_2106331638 Label:BP_Door5 SpatiallyLoaded:1 Bounds:IsValid=true, Min=(X=1278.859 Y=5490.346 Z=-623.125), Max=(X=1617.173 Y=5552.824 Z=-226.533) RuntimeGrid:None EditorOnly:0 RuntimeOnly:0 HLODRelevant:0 FolderPath:Doors FolderGuid:3E4B196D415042C0A78517B56E352A67
 |   |   |- Guid:235575EB4913A9E9B14494A2E2C749F1 BaseClass: NativeClass:/Script/Engine.RectLight Name:RectLight_UAID_D85ED35F0F6851B601_1657969609 Label:RectLight2 SpatiallyLoaded:1 Bounds:IsValid=true, Min=(X=-1513.953 Y=276.047 Z=-2523.953), Max=(X=3913.953 Y=5703.953 Z=2903.953) RuntimeGrid:None EditorOnly:0 RuntimeOnly:0 HLODRelevant:0 FolderPath:Lighting/StaticLights FolderGuid:D383604B475E51E0FEF98583AF778C9D
 |   |   |- Guid:2639AAC54A3E1F866549A497587281F9 BaseClass: NativeClass:/Script/Engine.StaticMeshActor Name:StaticMeshActor_UAID_A4AE111137DC5EFB00_1110535423 Label:SM_SkySphere SpatiallyLoaded:0 Bounds:IsValid=true, Min=(X=-1638400.000 Y=-1638400.000 Z=-1638400.000), Max=(X=1638400.000 Y=1638400.000 Z=1638400.000) RuntimeGrid:None EditorOnly:0 RuntimeOnly:0 HLODRelevant:1 FolderPath:Lighting/World FolderGuid:0E6E4D544E1D6EC1125C6884D799B962
 |   |   |- Guid:26FFED8B4740585382505A8988D1F848 BaseClass: NativeClass:/Script/Engine.StaticMeshActor Name:StaticMeshActor_1 Label:SM_MagicDoor SpatiallyLoaded:1 Bounds:IsValid=true, Min=(X=-2400.000 Y=-0.000 Z=-800.000), Max=(X=2700.000 Y=5700.000 Z=500.000) RuntimeGrid:None EditorOnly:0 RuntimeOnly:0 HLODRelevant:0 FolderPath:Playground FolderGuid:C73F09FC4215536B1DCE2A9E0A830C70
 |   |   |- Guid:27DC8F9F4780B5B7A8C5A0AD4100D53A BaseClass: NativeClass:/Script/Engine.StaticMeshActor Name:StaticMeshActor_UAID_D85ED3A2930652B601_1869624787 Label:CubeGridToolOutput3 SpatiallyLoaded:1 Bounds:IsValid=true, Min=(X=-2900.000 Y=-6870.000 Z=-0.000), Max=(X=500.000 Y=-4170.000 Z=700.000) RuntimeGrid:None EditorOnly:0 RuntimeOnly:0 HLODRelevant:0 FolderPath:Playground FolderGuid:C73F09FC4215536B1DCE2A9E0A830C70
 |   |   |- Guid:286CF1B648CEE0E97F6567A0039AE394 BaseClass:/Game/ThirdPerson/Maps/_GENERATED/1028560/Door/BP_Door3.BP_Door3_C NativeClass:/Script/Engine.Actor Name:BP_Door3_C_UAID_088FC32AD524ADB601_1521536816 Label:BP_Door7 SpatiallyLoaded:1 Bounds:IsValid=true, Min=(X=1262.827 Y=2047.176 Z=-3.125), Max=(X=1601.141 Y=2109.654 Z=393.467) RuntimeGrid:None EditorOnly:0 RuntimeOnly:0 HLODRelevant:0 FolderPath:Doors FolderGuid:3E4B196D415042C0A78517B56E352A67
 |   |   |- Guid:30A62D984129CE5C64C3EA86463C27E1 BaseClass: NativeClass:/Script/Engine.RectLight Name:RectLight_UAID_D85ED35F0F6851B601_1769507610 Label:RectLight3 SpatiallyLoaded:1 Bounds:IsValid=true, Min=(X=-6041.950 Y=-5071.950 Z=-6061.950), Max=(X=6461.950 Y=7431.950 Z=6441.950) RuntimeGrid:None EditorOnly:0 RuntimeOnly:0 HLODRelevant:0 FolderPath:Lighting/StaticLights FolderGuid:D383604B475E51E0FEF98583AF778C9D
 |   |   |- Guid:3180969141C6D1061FCDEE84ACBEBFD9 BaseClass:/Game/ThirdPerson/Maps/_GENERATED/1028560/Door/BP_Door4.BP_Door4_C NativeClass:/Script/Engine.Actor Name:BP_Door4_C_UAID_088FC32AD524ACB601_1248203636 Label:BP_Door4 SpatiallyLoaded:1 Bounds:IsValid=true, Min=(X=2154.997 Y=1877.306 Z=-637.500), Max=(X=2452.684 Y=2309.610 Z=-108.710) RuntimeGrid:None EditorOnly:0 RuntimeOnly:0 HLODRelevant:0 FolderPath:Doors FolderGuid:3E4B196D415042C0A78517B56E352A67
 |   |   |- Guid:37BBF26C4422BF74086BFA8511A5AF64 BaseClass: NativeClass:/Script/Engine.StaticMeshActor Name:StaticMeshActor_UAID_088FC32AD524ACB601_1737538637 Label:Cube SpatiallyLoaded:1 Bounds:IsValid=true, Min=(X=-3292.500 Y=-2075.000 Z=-690.000), Max=(X=3632.500 Y=6675.000 Z=-590.000) RuntimeGrid:None EditorOnly:0 RuntimeOnly:0 HLODRelevant:1 FolderPath:Playground FolderGuid:C73F09FC4215536B1DCE2A9E0A830C70
 |   |   |- Guid:4A0345BD40503C0B42A3ABBD49C54140 BaseClass: NativeClass:/Script/Engine.DecalActor Name:DecalActor_UAID_088FC32AD524AFB601_1196658173 Label:DecalActor2 SpatiallyLoaded:1 Bounds:IsValid=true, Min=(X=125.420 Y=1060.240 Z=31.290), Max=(X=414.580 Y=1359.760 Z=328.710) RuntimeGrid:None EditorOnly:0 RuntimeOnly:0 HLODRelevant:0
 |   |   |- Guid:4A942D074F6CFC59963B049F6ACB8893 BaseClass: NativeClass:/Script/Engine.StaticMeshActor Name:StaticMeshActor_UAID_088FC32AD524ADB601_1754119817 Label:Cube2 SpatiallyLoaded:1 Bounds:IsValid=true, Min=(X=2680.000 Y=742.500 Z=-1045.000), Max=(X=2780.000 Y=2417.500 Z=-95.000) RuntimeGrid:None EditorOnly:0 RuntimeOnly:0 HLODRelevant:1 FolderPath:Playground FolderGuid:C73F09FC4215536B1DCE2A9E0A830C70
 |   |   |- Guid:4E70D96C42A0664C4CC51F977C074D7A BaseClass: NativeClass:/Script/Engine.SkyAtmosphere Name:SkyAtmosphere_0 Label:SkyAtmosphere SpatiallyLoaded:0 Bounds:IsValid=true, Min=(X=0.000 Y=0.000 Z=1020.000), Max=(X=0.000 Y=0.000 Z=1020.000) RuntimeGrid:None EditorOnly:0 RuntimeOnly:0 HLODRelevant:0 FolderPath:Lighting/World FolderGuid:0E6E4D544E1D6EC1125C6884D799B962
 |   |   |- Guid:5EC1E832404E5465E8D9E9865F612331 BaseClass: NativeClass:/Script/Engine.VolumetricCloud Name:VolumetricCloud_0 Label:VolumetricCloud SpatiallyLoaded:0 Bounds:IsValid=true, Min=(X=0.000 Y=0.000 Z=820.000), Max=(X=0.000 Y=0.000 Z=820.000) RuntimeGrid:None EditorOnly:0 RuntimeOnly:0 HLODRelevant:0 FolderPath:Lighting/World FolderGuid:0E6E4D544E1D6EC1125C6884D799B962
 |   |   |- Guid:61C9903A4F28BA21955C8CA417B41C44 BaseClass: NativeClass:/Script/Engine.StaticMeshActor Name:StaticMeshActor_UAID_088FC32AD52423B701_2072674575 Label:effy4_GeoSphere004 SpatiallyLoaded:1 Bounds:IsValid=true, Min=(X=269.132 Y=-2052.845 Z=200.546), Max=(X=273.745 Y=-2045.239 Z=208.399) RuntimeGrid:None EditorOnly:0 RuntimeOnly:0 HLODRelevant:1
 |   |   |- Guid:651FD1FF42F60F31516D369D50BBA67C BaseClass: NativeClass:/Script/Engine.StaticMeshActor Name:StaticMeshActor_UAID_088FC32AD52424B701_1084531752 Label:effy4_GeoSphere5 SpatiallyLoaded:1 Bounds:IsValid=true, Min=(X=276.460 Y=-2043.301 Z=200.519), Max=(X=282.326 Y=-2035.541 Z=207.986) RuntimeGrid:None EditorOnly:0 RuntimeOnly:0 HLODRelevant:1
 |   |   |- Guid:741000054CC59AA4C9E7328B353A18EC BaseClass: NativeClass:/Script/Engine.StaticMeshActor Name:StaticMeshActor_UAID_D85ED3A2930652B601_1880743788 Label:CubeGridToolOutput4 SpatiallyLoaded:1 Bounds:IsValid=true, Min=(X=-2900.000 Y=-3810.000 Z=-0.000), Max=(X=500.000 Y=-1110.000 Z=700.000) RuntimeGrid:None EditorOnly:0 RuntimeOnly:0 HLODRelevant:0 FolderPath:Playground FolderGuid:C73F09FC4215536B1DCE2A9E0A830C70
 |   |   |- Guid:74E388BE436FF67826D1F4A177CA3879 BaseClass: NativeClass:/Script/Engine.RectLight Name:RectLight_UAID_088FC32AD524AAB601_1792703276 Label:RectLight4 SpatiallyLoaded:1 Bounds:IsValid=true, Min=(X=-5041.950 Y=-4321.950 Z=-6641.950), Max=(X=7461.950 Y=8181.950 Z=5861.950) RuntimeGrid:None EditorOnly:0 RuntimeOnly:0 HLODRelevant:0 FolderPath:Lighting/StaticLights FolderGuid:D383604B475E51E0FEF98583AF778C9D
 |   |   |- Guid:7935F7744657426A6F218AA7C3D6E357 BaseClass: NativeClass:/Script/Engine.RectLight Name:RectLight_UAID_088FC32AD524ABB601_1440117453 Label:RectLight5 SpatiallyLoaded:1 Bounds:IsValid=true, Min=(X=-5031.950 Y=-3321.950 Z=-6641.950), Max=(X=7471.950 Y=9181.950 Z=5861.950) RuntimeGrid:None EditorOnly:0 RuntimeOnly:0 HLODRelevant:0 FolderPath:Lighting/StaticLights FolderGuid:D383604B475E51E0FEF98583AF778C9D
 |   |   |- Guid:8274522A4281A7C56227B986D10A33FA BaseClass: NativeClass:/Script/Engine.StaticMeshActor Name:StaticMeshActor_UAID_088FC32AD52423B701_1166313567 Label:effy4_Line001 SpatiallyLoaded:1 Bounds:IsValid=true, Min=(X=271.625 Y=-2082.780 Z=117.926), Max=(X=310.045 Y=-2042.853 Z=158.322) RuntimeGrid:None EditorOnly:0 RuntimeOnly:0 HLODRelevant:1
 |   |   |- Guid:8523D1A0422E556465D1A593B3518DA1 BaseClass: NativeClass:/Script/Engine.WorldDataLayers Name:WorldDataLayers Label:WorldDataLayers SpatiallyLoaded:0 Bounds:IsValid=true, Min=(X=0.000 Y=0.000 Z=0.000), Max=(X=0.000 Y=0.000 Z=0.000) RuntimeGrid:None EditorOnly:0 RuntimeOnly:0 HLODRelevant:0
 |   |   |- Guid:855AC0C940C5833A67FB46B3224A9299 BaseClass: NativeClass:/Script/Engine.DecalActor Name:DecalActor_UAID_088FC32AD524AFB601_1588440175 Label:DecalActor4 SpatiallyLoaded:1 Bounds:IsValid=true, Min=(X=1291.249 Y=5292.214 Z=-589.722), Max=(X=1628.751 Y=5687.786 Z=-310.278) RuntimeGrid:None EditorOnly:0 RuntimeOnly:0 HLODRelevant:0
 |   |   |- Guid:877804634414FF07AD3B65B91784647C BaseClass: NativeClass:/Script/Engine.DecalActor Name:DecalActor_UAID_088FC32AD524AEB601_1958653996 Label:DecalActor SpatiallyLoaded:1 Bounds:IsValid=true, Min=(X=1370.663 Y=2008.105 Z=111.262), Max=(X=1509.337 Y=2171.895 Z=248.738) RuntimeGrid:None EditorOnly:0 RuntimeOnly:0 HLODRelevant:0
 |   |   |- Guid:8E0D1E6247A3574C8CDF53896D594DB6 BaseClass: NativeClass:/Script/Engine.SkyLight Name:SkyLight_1 Label:SkyLight SpatiallyLoaded:0 Bounds:IsValid=true, Min=(X=0.000 Y=0.000 Z=690.000), Max=(X=0.000 Y=0.000 Z=690.000) RuntimeGrid:None EditorOnly:0 RuntimeOnly:0 HLODRelevant:0 FolderPath:Lighting/World FolderGuid:0E6E4D544E1D6EC1125C6884D799B962
 |   |   |- Guid:8F2F192C48864C3EDB950286DB07FF15 BaseClass: NativeClass:/Script/Engine.StaticMeshActor Name:StaticMeshActor_UAID_D85ED3A2930652B601_1774155783 Label:CubeGridToolOutput SpatiallyLoaded:1 Bounds:IsValid=true, Min=(X=1000.000 Y=-3800.000 Z=-0.000), Max=(X=4400.000 Y=-1100.000 Z=700.000) RuntimeGrid:None EditorOnly:0 RuntimeOnly:0 HLODRelevant:0 FolderPath:Playground FolderGuid:C73F09FC4215536B1DCE2A9E0A830C70
 |   |   |- Guid:9162C57D47812F953329B89F53043269 BaseClass:/Game/ThirdPerson/Maps/_GENERATED/1028560/Door/BP_Door2.BP_Door2_C NativeClass:/Script/Engine.Actor Name:BP_Door2_C_UAID_088FC32AD524AAB601_1170420274 Label:BP_Door2 SpatiallyLoaded:1 Bounds:IsValid=true, Min=(X=-941.521 Y=-1439.539 Z=72.500), Max=(X=-490.436 Y=-1356.235 Z=601.290) RuntimeGrid:None EditorOnly:0 RuntimeOnly:0 HLODRelevant:0 FolderPath:Doors FolderGuid:3E4B196D415042C0A78517B56E352A67
 |   |   |- Guid:943D3DE542450F5AE6A13EBC9547C6F5 BaseClass: NativeClass:/Script/Engine.ExponentialHeightFog Name:ExponentialHeightFog_0 Label:ExponentialHeightFog SpatiallyLoaded:0 Bounds:IsValid=true, Min=(X=-5600.000 Y=-50.000 Z=-6850.000), Max=(X=-5600.000 Y=-50.000 Z=-6850.000) RuntimeGrid:None EditorOnly:0 RuntimeOnly:0 HLODRelevant:0 FolderPath:Lighting/World FolderGuid:0E6E4D544E1D6EC1125C6884D799B962
 |   |   |- Guid:955158544F64F6EFFE81A398E59DE59C BaseClass: NativeClass:/Script/Engine.SkeletalMeshActor Name:SkeletalMeshActor_UAID_D85ED3A2930652B601_2015322791 Label:DragonTheSoulEater_Physics SpatiallyLoaded:1 Bounds:IsValid=true, Min=(X=-1020.000 Y=-2680.000 Z=100.000), Max=(X=-1020.000 Y=-2680.000 Z=100.000) RuntimeGrid:None EditorOnly:0 RuntimeOnly:0 HLODRelevant:0 FolderPath:Enemies FolderGuid:8D000C48462CB4810DECFF89E0F56A19
 |   |   |- Guid:9A1C075E47033411FCDF438113A25458 BaseClass: NativeClass:/Script/Engine.SkeletalMeshActor Name:SkeletalMeshActor_UAID_D85ED3A2930653B601_1734578973 Label:DragonTheSoulEater_Physics2 SpatiallyLoaded:1 Bounds:IsValid=true, Min=(X=2510.193 Y=-6623.049 Z=99.562), Max=(X=3116.815 Y=-5650.613 Z=682.521) RuntimeGrid:None EditorOnly:0 RuntimeOnly:0 HLODRelevant:0 FolderPath:Enemies FolderGuid:8D000C48462CB4810DECFF89E0F56A19
 |   |   |- Guid:A0F7B37B4767A0E4D2D47795F612849C BaseClass:/Game/ThirdPerson/Maps/_GENERATED/1028560/Door/BP_Door6.BP_Door6_C NativeClass:/Script/Engine.Actor Name:BP_Door6_C_UAID_088FC32AD524ADB601_1102691815 Label:BP_Door6 SpatiallyLoaded:1 Bounds:IsValid=true, Min=(X=-1371.521 Y=-4429.539 Z=92.500), Max=(X=-920.436 Y=-4346.235 Z=621.290) RuntimeGrid:None EditorOnly:0 RuntimeOnly:0 HLODRelevant:0 FolderPath:Doors FolderGuid:3E4B196D415042C0A78517B56E352A67
 |   |   |- Guid:AC70B49C437DDE5C588AD89D8BEEDEBD BaseClass: NativeClass:/Script/Engine.StaticMeshActor Name:StaticMeshActor_UAID_088FC32AD52423B701_1518645570 Label:effy4_arm SpatiallyLoaded:1 Bounds:IsValid=true, Min=(X=252.872 Y=-2081.245 Z=158.344), Max=(X=281.547 Y=-2058.727 Z=203.930) RuntimeGrid:None EditorOnly:0 RuntimeOnly:0 HLODRelevant:1
 |   |   |- Guid:B0984F2D41956F9892BE3585C1BE9DEE BaseClass:/Game/ThirdPerson/Maps/_GENERATED/1028560/Door/BP_Door3.BP_Door3_C NativeClass:/Script/Engine.Actor Name:BP_Door3_C_UAID_088FC32AD524ACB601_1190111635 Label:BP_Door3 SpatiallyLoaded:1 Bounds:IsValid=true, Min=(X=207.176 Y=1048.859 Z=-3.125), Max=(X=269.654 Y=1387.173 Z=393.467) RuntimeGrid:None EditorOnly:0 RuntimeOnly:0 HLODRelevant:0 FolderPath:Doors FolderGuid:3E4B196D415042C0A78517B56E352A67
 |   |   |- Guid:B7070421490A8DF125995CA547E4B56D BaseClass: NativeClass:/Script/Engine.StaticMeshActor Name:StaticMeshActor_UAID_D85ED3A2930652B601_1864696786 Label:CubeGridToolOutput2 SpatiallyLoaded:1 Bounds:IsValid=true, Min=(X=1000.000 Y=-6870.000 Z=-0.000), Max=(X=4400.000 Y=-4170.000 Z=700.000) RuntimeGrid:None EditorOnly:0 RuntimeOnly:0 HLODRelevant:0 FolderPath:Playground FolderGuid:C73F09FC4215536B1DCE2A9E0A830C70
 |   |   |- Guid:B882620D427351C19161859D41D47CD0 BaseClass: NativeClass:/Script/Engine.StaticMeshActor Name:StaticMeshActor_UAID_088FC32AD52423B701_1594450571 Label:effy4_GeoSphere002 SpatiallyLoaded:1 Bounds:IsValid=true, Min=(X=270.982 Y=-2073.512 Z=186.915), Max=(X=309.018 Y=-2038.855 Z=222.565) RuntimeGrid:None EditorOnly:0 RuntimeOnly:0 HLODRelevant:1
 |   |   |- Guid:BD64765A4536C1DF0622419FADC585AC BaseClass: NativeClass:/Script/Engine.StaticMeshActor Name:StaticMeshActor_UAID_088FC32AD524ADB601_1836562819 Label:Cube4 SpatiallyLoaded:1 Bounds:IsValid=true, Min=(X=1082.500 Y=1610.000 Z=-1045.000), Max=(X=2757.500 Y=1710.000 Z=-95.000) RuntimeGrid:None EditorOnly:0 RuntimeOnly:0 HLODRelevant:1 FolderPath:Playground FolderGuid:C73F09FC4215536B1DCE2A9E0A830C70
 |   |   |- Guid:C0D6E74B4626C00F499550A91474B022 BaseClass: NativeClass:/Script/Engine.SkeletalMeshActor Name:SkeletalMeshActor_UAID_D85ED3A2930653B601_1674526970 Label:DragonTheNightmare_Physics SpatiallyLoaded:1 Bounds:IsValid=true, Min=(X=2354.970 Y=-3791.752 Z=96.440), Max=(X=3044.904 Y=-2676.619 Z=532.893) RuntimeGrid:None EditorOnly:0 RuntimeOnly:0 HLODRelevant:0 FolderPath:Enemies FolderGuid:8D000C48462CB4810DECFF89E0F56A19
 |   |   |- Guid:D161BAA4421DCD7320D3D0B4DD5E534A BaseClass: NativeClass:/Script/Engine.DecalActor Name:DecalActor_UAID_088FC32AD524AFB601_1475134174 Label:DecalActor3 SpatiallyLoaded:1 Bounds:IsValid=true, Min=(X=-2070.072 Y=2056.197 Z=-512.843), Max=(X=-1869.928 Y=2243.803 Z=-367.157) RuntimeGrid:None EditorOnly:0 RuntimeOnly:0 HLODRelevant:0
 |   |   |- Guid:D44112824DD50C74CAE5B18CE2F8AE49 BaseClass: NativeClass:/Script/Engine.RectLight Name:RectLight_UAID_088FC32AD524ACB601_1114192634 Label:RectLight6 SpatiallyLoaded:1 Bounds:IsValid=true, Min=(X=-5481.950 Y=-4351.950 Z=-6641.950), Max=(X=7021.950 Y=8151.950 Z=5861.950) RuntimeGrid:None EditorOnly:0 RuntimeOnly:0 HLODRelevant:0 FolderPath:Lighting/StaticLights FolderGuid:D383604B475E51E0FEF98583AF778C9D
 |   |   |- Guid:D90347FB41C5C418B825D2BE055E8292 BaseClass: NativeClass:/Script/Engine.PlayerStart Name:PlayerStart_0 Label:PlayerStart SpatiallyLoaded:0 Bounds:IsValid=true, Min=(X=1100.000 Y=2660.000 Z=0.013), Max=(X=1180.000 Y=2740.000 Z=184.013) RuntimeGrid:None EditorOnly:0 RuntimeOnly:0 HLODRelevant:0
 |   |   |- Guid:DACC58E445648DE1ABDC7F9017BADDB5 BaseClass: NativeClass:/Script/Engine.PostProcessVolume Name:PostProcessVolume_0 Label:PostProcessVolume SpatiallyLoaded:0 Bounds:IsValid=true, Min=(X=0.000 Y=0.000 Z=400.000), Max=(X=200.000 Y=200.000 Z=600.000) RuntimeGrid:None EditorOnly:0 RuntimeOnly:0 HLODRelevant:0 FolderPath:Lighting/World FolderGuid:0E6E4D544E1D6EC1125C6884D799B962
 |   |   |- Guid:DB30562141469DA197194EB136C8C3FA BaseClass: NativeClass:/Script/Engine.PointLight Name:PointLight_UAID_088FC32AD524ABB601_1712633456 Label:PointLight SpatiallyLoaded:1 Bounds:IsValid=true, Min=(X=430.000 Y=4380.000 Z=-1460.000), Max=(X=2430.000 Y=6380.000 Z=540.000) RuntimeGrid:None EditorOnly:0 RuntimeOnly:0 HLODRelevant:0 FolderPath:Lighting/StaticLights FolderGuid:D383604B475E51E0FEF98583AF778C9D
 |   |   |- Guid:DEBFBA16461A5D2DC4CB29990768DDF7 BaseClass:/Game/ThirdPerson/Maps/_GENERATED/1028560/Door/BP_Door3.BP_Door3_C NativeClass:/Script/Engine.Actor Name:BP_Door3_C_UAID_088FC32AD52425B701_1911760919 Label:BP_Door8 SpatiallyLoaded:1 Bounds:IsValid=true, Min=(X=1452.827 Y=1837.176 Z=-603.125), Max=(X=1791.141 Y=1899.654 Z=-206.533) RuntimeGrid:None EditorOnly:0 RuntimeOnly:0 HLODRelevant:0 FolderPath:Doors FolderGuid:3E4B196D415042C0A78517B56E352A67
 |   |   |- Guid:E0BB4E784499BBCA260BCFBDB44603F5 BaseClass: NativeClass:/Script/Engine.StaticMeshActor Name:StaticMeshActor_UAID_088FC32AD524ADB601_1782544818 Label:Cube3 SpatiallyLoaded:1 Bounds:IsValid=true, Min=(X=1650.000 Y=2380.000 Z=-1045.000), Max=(X=2850.000 Y=2480.000 Z=-95.000) RuntimeGrid:None EditorOnly:0 RuntimeOnly:0 HLODRelevant:1 FolderPath:Playground FolderGuid:C73F09FC4215536B1DCE2A9E0A830C70
 |   |   |- Guid:E72DD6774E3DB2A4739CCAB5751AB99A BaseClass:/Game/Combat_Blueprint/TheNightmareBossFight/BP_NightmareBoss.BP_NightmareBoss_C NativeClass:/Script/Engine.Character Name:BP_NightmareBoss_C_UAID_D85ED3A293065DB601_2007440723 Label:BP_NightmareBoss SpatiallyLoaded:1 Bounds:IsValid=true, Min=(X=-1046.000 Y=-3691.752 Z=-228.000), Max=(X=-214.000 Y=-2576.619 Z=620.893) RuntimeGrid:None EditorOnly:0 RuntimeOnly:0 HLODRelevant:0 FolderPath:Enemies FolderGuid:8D000C48462CB4810DECFF89E0F56A19
 |   |   |- Guid:F9C4476A44121BA10E4044B6A1BA973E BaseClass:/Game/Combat_Blueprint/PickUp_Sword.PickUp_Sword_C NativeClass:/Script/Engine.Actor Name:PickUp_Sword_C_UAID_D85ED3A2930661B601_1609278431 Label:PickUp_Sword SpatiallyLoaded:1 Bounds:IsValid=true, Min=(X=922.000 Y=2458.000 Z=-32.000), Max=(X=1178.000 Y=2522.000 Z=32.000) RuntimeGrid:None EditorOnly:0 RuntimeOnly:0 HLODRelevant:0
 |   |   |- Guid:FF7F694A4D6E73A841F46280F36B93F0 BaseClass: NativeClass:/Script/Engine.PointLight Name:PointLight_UAID_088FC32AD524ABB601_2068836457 Label:PointLight2 SpatiallyLoaded:1 Bounds:IsValid=true, Min=(X=-3481.391 Y=638.609 Z=-1861.391), Max=(X=-618.609 Y=3501.391 Z=1001.391) RuntimeGrid:None EditorOnly:0 RuntimeOnly:0 HLODRelevant:0 FolderPath:Lighting/StaticLights FolderGuid:D383604B475E51E0FEF98583AF778C9D
 |   |- [+] Clusters:
 |   |   |- [+] [  0]
 |   |   |   |- Guid:8523D1A0422E556465D1A593B3518DA1 BaseClass: NativeClass:/Script/Engine.WorldDataLayers Name:WorldDataLayers Label:WorldDataLayers SpatiallyLoaded:0 Bounds:IsValid=true, Min=(X=0.000 Y=0.000 Z=0.000), Max=(X=0.000 Y=0.000 Z=0.000) RuntimeGrid:None EditorOnly:0 RuntimeOnly:0 HLODRelevant:0
 |   |   |- [+] [  1]
 |   |   |   |- Guid:DB30562141469DA197194EB136C8C3FA BaseClass: NativeClass:/Script/Engine.PointLight Name:PointLight_UAID_088FC32AD524ABB601_1712633456 Label:PointLight SpatiallyLoaded:1 Bounds:IsValid=true, Min=(X=430.000 Y=4380.000 Z=-1460.000), Max=(X=2430.000 Y=6380.000 Z=540.000) RuntimeGrid:None EditorOnly:0 RuntimeOnly:0 HLODRelevant:0 FolderPath:Lighting/StaticLights FolderGuid:D383604B475E51E0FEF98583AF778C9D
 |   |   |- [+] [  2]
 |   |   |   |- Guid:4A942D074F6CFC59963B049F6ACB8893 BaseClass: NativeClass:/Script/Engine.StaticMeshActor Name:StaticMeshActor_UAID_088FC32AD524ADB601_1754119817 Label:Cube2 SpatiallyLoaded:1 Bounds:IsValid=true, Min=(X=2680.000 Y=742.500 Z=-1045.000), Max=(X=2780.000 Y=2417.500 Z=-95.000) RuntimeGrid:None EditorOnly:0 RuntimeOnly:0 HLODRelevant:1 FolderPath:Playground FolderGuid:C73F09FC4215536B1DCE2A9E0A830C70
 |   |   |- [+] [  3]
 |   |   |   |- Guid:DACC58E445648DE1ABDC7F9017BADDB5 BaseClass: NativeClass:/Script/Engine.PostProcessVolume Name:PostProcessVolume_0 Label:PostProcessVolume SpatiallyLoaded:0 Bounds:IsValid=true, Min=(X=0.000 Y=0.000 Z=400.000), Max=(X=200.000 Y=200.000 Z=600.000) RuntimeGrid:None EditorOnly:0 RuntimeOnly:0 HLODRelevant:0 FolderPath:Lighting/World FolderGuid:0E6E4D544E1D6EC1125C6884D799B962
 |   |   |- [+] [  4]
 |   |   |   |- Guid:4A0345BD40503C0B42A3ABBD49C54140 BaseClass: NativeClass:/Script/Engine.DecalActor Name:DecalActor_UAID_088FC32AD524AFB601_1196658173 Label:DecalActor2 SpatiallyLoaded:1 Bounds:IsValid=true, Min=(X=125.420 Y=1060.240 Z=31.290), Max=(X=414.580 Y=1359.760 Z=328.710) RuntimeGrid:None EditorOnly:0 RuntimeOnly:0 HLODRelevant:0
 |   |   |- [+] [  5]
 |   |   |   |- Guid:BD64765A4536C1DF0622419FADC585AC BaseClass: NativeClass:/Script/Engine.StaticMeshActor Name:StaticMeshActor_UAID_088FC32AD524ADB601_1836562819 Label:Cube4 SpatiallyLoaded:1 Bounds:IsValid=true, Min=(X=1082.500 Y=1610.000 Z=-1045.000), Max=(X=2757.500 Y=1710.000 Z=-95.000) RuntimeGrid:None EditorOnly:0 RuntimeOnly:0 HLODRelevant:1 FolderPath:Playground FolderGuid:C73F09FC4215536B1DCE2A9E0A830C70
 |   |   |- [+] [  6]
 |   |   |   |- Guid:0FB4DAF14ADA3786410DE9BA1B900181 BaseClass:/Game/ThirdPerson/Maps/_GENERATED/1028560/Door/BP_Door1.BP_Door1_C NativeClass:/Script/Engine.Actor Name:BP_Door1_C_UAID_088FC32AD524A9B601_1478261097 Label:BP_Door1 SpatiallyLoaded:1 Bounds:IsValid=true, Min=(X=-2040.496 Y=2060.055 Z=-549.342), Max=(X=-1998.844 Y=2285.598 Z=-284.947) RuntimeGrid:None EditorOnly:0 RuntimeOnly:0 HLODRelevant:0 FolderPath:Doors FolderGuid:3E4B196D415042C0A78517B56E352A67
 |   |   |- [+] [  7]
 |   |   |   |- Guid:8274522A4281A7C56227B986D10A33FA BaseClass: NativeClass:/Script/Engine.StaticMeshActor Name:StaticMeshActor_UAID_088FC32AD52423B701_1166313567 Label:effy4_Line001 SpatiallyLoaded:1 Bounds:IsValid=true, Min=(X=271.625 Y=-2082.780 Z=117.926), Max=(X=310.045 Y=-2042.853 Z=158.322) RuntimeGrid:None EditorOnly:0 RuntimeOnly:0 HLODRelevant:1
 |   |   |- [+] [  8]
 |   |   |   |- Guid:7935F7744657426A6F218AA7C3D6E357 BaseClass: NativeClass:/Script/Engine.RectLight Name:RectLight_UAID_088FC32AD524ABB601_1440117453 Label:RectLight5 SpatiallyLoaded:1 Bounds:IsValid=true, Min=(X=-5031.950 Y=-3321.950 Z=-6641.950), Max=(X=7471.950 Y=9181.950 Z=5861.950) RuntimeGrid:None EditorOnly:0 RuntimeOnly:0 HLODRelevant:0 FolderPath:Lighting/StaticLights FolderGuid:D383604B475E51E0FEF98583AF778C9D
 |   |   |- [+] [  9]
 |   |   |   |- Guid:5EC1E832404E5465E8D9E9865F612331 BaseClass: NativeClass:/Script/Engine.VolumetricCloud Name:VolumetricCloud_0 Label:VolumetricCloud SpatiallyLoaded:0 Bounds:IsValid=true, Min=(X=0.000 Y=0.000 Z=820.000), Max=(X=0.000 Y=0.000 Z=820.000) RuntimeGrid:None EditorOnly:0 RuntimeOnly:0 HLODRelevant:0 FolderPath:Lighting/World FolderGuid:0E6E4D544E1D6EC1125C6884D799B962
 |   |   |- [+] [ 10]
 |   |   |   |- Guid:C0D6E74B4626C00F499550A91474B022 BaseClass: NativeClass:/Script/Engine.SkeletalMeshActor Name:SkeletalMeshActor_UAID_D85ED3A2930653B601_1674526970 Label:DragonTheNightmare_Physics SpatiallyLoaded:1 Bounds:IsValid=true, Min=(X=2354.970 Y=-3791.752 Z=96.440), Max=(X=3044.904 Y=-2676.619 Z=532.893) RuntimeGrid:None EditorOnly:0 RuntimeOnly:0 HLODRelevant:0 FolderPath:Enemies FolderGuid:8D000C48462CB4810DECFF89E0F56A19
 |   |   |- [+] [ 11]
 |   |   |   |- Guid:37BBF26C4422BF74086BFA8511A5AF64 BaseClass: NativeClass:/Script/Engine.StaticMeshActor Name:StaticMeshActor_UAID_088FC32AD524ACB601_1737538637 Label:Cube SpatiallyLoaded:1 Bounds:IsValid=true, Min=(X=-3292.500 Y=-2075.000 Z=-690.000), Max=(X=3632.500 Y=6675.000 Z=-590.000) RuntimeGrid:None EditorOnly:0 RuntimeOnly:0 HLODRelevant:1 FolderPath:Playground FolderGuid:C73F09FC4215536B1DCE2A9E0A830C70
 |   |   |- [+] [ 12]
 |   |   |   |- Guid:4E70D96C42A0664C4CC51F977C074D7A BaseClass: NativeClass:/Script/Engine.SkyAtmosphere Name:SkyAtmosphere_0 Label:SkyAtmosphere SpatiallyLoaded:0 Bounds:IsValid=true, Min=(X=0.000 Y=0.000 Z=1020.000), Max=(X=0.000 Y=0.000 Z=1020.000) RuntimeGrid:None EditorOnly:0 RuntimeOnly:0 HLODRelevant:0 FolderPath:Lighting/World FolderGuid:0E6E4D544E1D6EC1125C6884D799B962
 |   |   |- [+] [ 13]
 |   |   |   |- Guid:2639AAC54A3E1F866549A497587281F9 BaseClass: NativeClass:/Script/Engine.StaticMeshActor Name:StaticMeshActor_UAID_A4AE111137DC5EFB00_1110535423 Label:SM_SkySphere SpatiallyLoaded:0 Bounds:IsValid=true, Min=(X=-1638400.000 Y=-1638400.000 Z=-1638400.000), Max=(X=1638400.000 Y=1638400.000 Z=1638400.000) RuntimeGrid:None EditorOnly:0 RuntimeOnly:0 HLODRelevant:1 FolderPath:Lighting/World FolderGuid:0E6E4D544E1D6EC1125C6884D799B962
 |   |   |- [+] [ 14]
 |   |   |   |- Guid:74E388BE436FF67826D1F4A177CA3879 BaseClass: NativeClass:/Script/Engine.RectLight Name:RectLight_UAID_088FC32AD524AAB601_1792703276 Label:RectLight4 SpatiallyLoaded:1 Bounds:IsValid=true, Min=(X=-5041.950 Y=-4321.950 Z=-6641.950), Max=(X=7461.950 Y=8181.950 Z=5861.950) RuntimeGrid:None EditorOnly:0 RuntimeOnly:0 HLODRelevant:0 FolderPath:Lighting/StaticLights FolderGuid:D383604B475E51E0FEF98583AF778C9D
 |   |   |- [+] [ 15]
 |   |   |   |- Guid:D44112824DD50C74CAE5B18CE2F8AE49 BaseClass: NativeClass:/Script/Engine.RectLight Name:RectLight_UAID_088FC32AD524ACB601_1114192634 Label:RectLight6 SpatiallyLoaded:1 Bounds:IsValid=true, Min=(X=-5481.950 Y=-4351.950 Z=-6641.950), Max=(X=7021.950 Y=8151.950 Z=5861.950) RuntimeGrid:None EditorOnly:0 RuntimeOnly:0 HLODRelevant:0 FolderPath:Lighting/StaticLights FolderGuid:D383604B475E51E0FEF98583AF778C9D
 |   |   |- [+] [ 16]
 |   |   |   |- Guid:61C9903A4F28BA21955C8CA417B41C44 BaseClass: NativeClass:/Script/Engine.StaticMeshActor Name:StaticMeshActor_UAID_088FC32AD52423B701_2072674575 Label:effy4_GeoSphere004 SpatiallyLoaded:1 Bounds:IsValid=true, Min=(X=269.132 Y=-2052.845 Z=200.546), Max=(X=273.745 Y=-2045.239 Z=208.399) RuntimeGrid:None EditorOnly:0 RuntimeOnly:0 HLODRelevant:1
 |   |   |- [+] [ 17]
 |   |   |   |- Guid:03ACFCE94C4B15FAF8A470BEB5F602AE BaseClass: NativeClass:/Script/Engine.DirectionalLight Name:DirectionalLight_0 Label:DirectionalLight SpatiallyLoaded:0 Bounds:IsValid=true, Min=(X=-4398046511104.000 Y=-4398046511104.000 Z=-4398046511104.000), Max=(X=4398046511104.000 Y=4398046511104.000 Z=4398046511104.000) RuntimeGrid:None EditorOnly:0 RuntimeOnly:0 HLODRelevant:0 FolderPath:Lighting/World FolderGuid:0E6E4D544E1D6EC1125C6884D799B962
 |   |   |- [+] [ 18]
 |   |   |   |- Guid:877804634414FF07AD3B65B91784647C BaseClass: NativeClass:/Script/Engine.DecalActor Name:DecalActor_UAID_088FC32AD524AEB601_1958653996 Label:DecalActor SpatiallyLoaded:1 Bounds:IsValid=true, Min=(X=1370.663 Y=2008.105 Z=111.262), Max=(X=1509.337 Y=2171.895 Z=248.738) RuntimeGrid:None EditorOnly:0 RuntimeOnly:0 HLODRelevant:0
 |   |   |- [+] [ 19]
 |   |   |   |- Guid:9A1C075E47033411FCDF438113A25458 BaseClass: NativeClass:/Script/Engine.SkeletalMeshActor Name:SkeletalMeshActor_UAID_D85ED3A2930653B601_1734578973 Label:DragonTheSoulEater_Physics2 SpatiallyLoaded:1 Bounds:IsValid=true, Min=(X=2510.193 Y=-6623.049 Z=99.562), Max=(X=3116.815 Y=-5650.613 Z=682.521) RuntimeGrid:None EditorOnly:0 RuntimeOnly:0 HLODRelevant:0 FolderPath:Enemies FolderGuid:8D000C48462CB4810DECFF89E0F56A19
 |   |   |- [+] [ 20]
 |   |   |   |- Guid:9162C57D47812F953329B89F53043269 BaseClass:/Game/ThirdPerson/Maps/_GENERATED/1028560/Door/BP_Door2.BP_Door2_C NativeClass:/Script/Engine.Actor Name:BP_Door2_C_UAID_088FC32AD524AAB601_1170420274 Label:BP_Door2 SpatiallyLoaded:1 Bounds:IsValid=true, Min=(X=-941.521 Y=-1439.539 Z=72.500), Max=(X=-490.436 Y=-1356.235 Z=601.290) RuntimeGrid:None EditorOnly:0 RuntimeOnly:0 HLODRelevant:0 FolderPath:Doors FolderGuid:3E4B196D415042C0A78517B56E352A67
 |   |   |- [+] [ 21]
 |   |   |   |- Guid:943D3DE542450F5AE6A13EBC9547C6F5 BaseClass: NativeClass:/Script/Engine.ExponentialHeightFog Name:ExponentialHeightFog_0 Label:ExponentialHeightFog SpatiallyLoaded:0 Bounds:IsValid=true, Min=(X=-5600.000 Y=-50.000 Z=-6850.000), Max=(X=-5600.000 Y=-50.000 Z=-6850.000) RuntimeGrid:None EditorOnly:0 RuntimeOnly:0 HLODRelevant:0 FolderPath:Lighting/World FolderGuid:0E6E4D544E1D6EC1125C6884D799B962
 |   |   |- [+] [ 22]
 |   |   |   |- Guid:26FFED8B4740585382505A8988D1F848 BaseClass: NativeClass:/Script/Engine.StaticMeshActor Name:StaticMeshActor_1 Label:SM_MagicDoor SpatiallyLoaded:1 Bounds:IsValid=true, Min=(X=-2400.000 Y=-0.000 Z=-800.000), Max=(X=2700.000 Y=5700.000 Z=500.000) RuntimeGrid:None EditorOnly:0 RuntimeOnly:0 HLODRelevant:0 FolderPath:Playground FolderGuid:C73F09FC4215536B1DCE2A9E0A830C70
 |   |   |- [+] [ 23]
 |   |   |   |- Guid:2077931242C50138E8B85AB88B4BCC7B BaseClass: NativeClass:/Script/Engine.StaticMeshActor Name:StaticMeshActor_UAID_088FC32AD52423B701_1964718574 Label:effy4_Cone001 SpatiallyLoaded:1 Bounds:IsValid=true, Min=(X=264.067 Y=-2088.319 Z=205.415), Max=(X=308.084 Y=-2019.864 Z=279.573) RuntimeGrid:None EditorOnly:0 RuntimeOnly:0 HLODRelevant:1
 |   |   |- [+] [ 24]
 |   |   |   |- Guid:855AC0C940C5833A67FB46B3224A9299 BaseClass: NativeClass:/Script/Engine.DecalActor Name:DecalActor_UAID_088FC32AD524AFB601_1588440175 Label:DecalActor4 SpatiallyLoaded:1 Bounds:IsValid=true, Min=(X=1291.249 Y=5292.214 Z=-589.722), Max=(X=1628.751 Y=5687.786 Z=-310.278) RuntimeGrid:None EditorOnly:0 RuntimeOnly:0 HLODRelevant:0
 |   |   |- [+] [ 25]
 |   |   |   |- Guid:8F2F192C48864C3EDB950286DB07FF15 BaseClass: NativeClass:/Script/Engine.StaticMeshActor Name:StaticMeshActor_UAID_D85ED3A2930652B601_1774155783 Label:CubeGridToolOutput SpatiallyLoaded:1 Bounds:IsValid=true, Min=(X=1000.000 Y=-3800.000 Z=-0.000), Max=(X=4400.000 Y=-1100.000 Z=700.000) RuntimeGrid:None EditorOnly:0 RuntimeOnly:0 HLODRelevant:0 FolderPath:Playground FolderGuid:C73F09FC4215536B1DCE2A9E0A830C70
 |   |   |- [+] [ 26]
 |   |   |   |- Guid:286CF1B648CEE0E97F6567A0039AE394 BaseClass:/Game/ThirdPerson/Maps/_GENERATED/1028560/Door/BP_Door3.BP_Door3_C NativeClass:/Script/Engine.Actor Name:BP_Door3_C_UAID_088FC32AD524ADB601_1521536816 Label:BP_Door7 SpatiallyLoaded:1 Bounds:IsValid=true, Min=(X=1262.827 Y=2047.176 Z=-3.125), Max=(X=1601.141 Y=2109.654 Z=393.467) RuntimeGrid:None EditorOnly:0 RuntimeOnly:0 HLODRelevant:0 FolderPath:Doors FolderGuid:3E4B196D415042C0A78517B56E352A67
 |   |   |- [+] [ 27]
 |   |   |   |- Guid:741000054CC59AA4C9E7328B353A18EC BaseClass: NativeClass:/Script/Engine.StaticMeshActor Name:StaticMeshActor_UAID_D85ED3A2930652B601_1880743788 Label:CubeGridToolOutput4 SpatiallyLoaded:1 Bounds:IsValid=true, Min=(X=-2900.000 Y=-3810.000 Z=-0.000), Max=(X=500.000 Y=-1110.000 Z=700.000) RuntimeGrid:None EditorOnly:0 RuntimeOnly:0 HLODRelevant:0 FolderPath:Playground FolderGuid:C73F09FC4215536B1DCE2A9E0A830C70
 |   |   |- [+] [ 28]
 |   |   |   |- Guid:B882620D427351C19161859D41D47CD0 BaseClass: NativeClass:/Script/Engine.StaticMeshActor Name:StaticMeshActor_UAID_088FC32AD52423B701_1594450571 Label:effy4_GeoSphere002 SpatiallyLoaded:1 Bounds:IsValid=true, Min=(X=270.982 Y=-2073.512 Z=186.915), Max=(X=309.018 Y=-2038.855 Z=222.565) RuntimeGrid:None EditorOnly:0 RuntimeOnly:0 HLODRelevant:1
 |   |   |- [+] [ 29]
 |   |   |   |- Guid:8E0D1E6247A3574C8CDF53896D594DB6 BaseClass: NativeClass:/Script/Engine.SkyLight Name:SkyLight_1 Label:SkyLight SpatiallyLoaded:0 Bounds:IsValid=true, Min=(X=0.000 Y=0.000 Z=690.000), Max=(X=0.000 Y=0.000 Z=690.000) RuntimeGrid:None EditorOnly:0 RuntimeOnly:0 HLODRelevant:0 FolderPath:Lighting/World FolderGuid:0E6E4D544E1D6EC1125C6884D799B962
 |   |   |- [+] [ 30]
 |   |   |   |- Guid:1CD5B78443E0F2396F0F999CBB2E0EEB BaseClass: NativeClass:/Script/Engine.RectLight Name:RectLight_UAID_D85ED35F0F6851B601_1570619608 Label:RectLight SpatiallyLoaded:1 Bounds:IsValid=true, Min=(X=-5051.950 Y=-4141.950 Z=-6061.950), Max=(X=7451.950 Y=8361.950 Z=6441.950) RuntimeGrid:None EditorOnly:0 RuntimeOnly:0 HLODRelevant:0 FolderPath:Lighting/StaticLights FolderGuid:D383604B475E51E0FEF98583AF778C9D
 |   |   |- [+] [ 31]
 |   |   |   |- Guid:235575EB4913A9E9B14494A2E2C749F1 BaseClass: NativeClass:/Script/Engine.RectLight Name:RectLight_UAID_D85ED35F0F6851B601_1657969609 Label:RectLight2 SpatiallyLoaded:1 Bounds:IsValid=true, Min=(X=-1513.953 Y=276.047 Z=-2523.953), Max=(X=3913.953 Y=5703.953 Z=2903.953) RuntimeGrid:None EditorOnly:0 RuntimeOnly:0 HLODRelevant:0 FolderPath:Lighting/StaticLights FolderGuid:D383604B475E51E0FEF98583AF778C9D
 |   |   |- [+] [ 32]
 |   |   |   |- Guid:17F4485E4315D324882BF3AEA69263FE BaseClass: NativeClass:/Script/Engine.StaticMeshActor Name:StaticMeshActor_UAID_088FC32AD52423B701_1210718568 Label:effy4_Cylinder001 SpatiallyLoaded:1 Bounds:IsValid=true, Min=(X=253.941 Y=-2099.149 Z=153.077), Max=(X=329.971 Y=-2020.007 Z=199.980) RuntimeGrid:None EditorOnly:0 RuntimeOnly:0 HLODRelevant:1
 |   |   |- [+] [ 33]
 |   |   |   |- Guid:AC70B49C437DDE5C588AD89D8BEEDEBD BaseClass: NativeClass:/Script/Engine.StaticMeshActor Name:StaticMeshActor_UAID_088FC32AD52423B701_1518645570 Label:effy4_arm SpatiallyLoaded:1 Bounds:IsValid=true, Min=(X=252.872 Y=-2081.245 Z=158.344), Max=(X=281.547 Y=-2058.727 Z=203.930) RuntimeGrid:None EditorOnly:0 RuntimeOnly:0 HLODRelevant:1
 |   |   |- [+] [ 34]
 |   |   |   |- Guid:FF7F694A4D6E73A841F46280F36B93F0 BaseClass: NativeClass:/Script/Engine.PointLight Name:PointLight_UAID_088FC32AD524ABB601_2068836457 Label:PointLight2 SpatiallyLoaded:1 Bounds:IsValid=true, Min=(X=-3481.391 Y=638.609 Z=-1861.391), Max=(X=-618.609 Y=3501.391 Z=1001.391) RuntimeGrid:None EditorOnly:0 RuntimeOnly:0 HLODRelevant:0 FolderPath:Lighting/StaticLights FolderGuid:D383604B475E51E0FEF98583AF778C9D
 |   |   |- [+] [ 35]
 |   |   |   |- Guid:1945C3694AFC81C135D79BA14CAE75D8 BaseClass: NativeClass:/Script/Engine.SkeletalMeshActor Name:SkeletalMeshActor_UAID_D85ED3A2930653B601_1719248972 Label:DragonTheUsurper_Physics SpatiallyLoaded:1 Bounds:IsValid=true, Min=(X=-1982.121 Y=-6905.105 Z=98.075), Max=(X=-214.567 Y=-5257.835 Z=754.095) RuntimeGrid:None EditorOnly:0 RuntimeOnly:0 HLODRelevant:0 FolderPath:Enemies FolderGuid:8D000C48462CB4810DECFF89E0F56A19
 |   |   |- [+] [ 36]
 |   |   |   |- Guid:30A62D984129CE5C64C3EA86463C27E1 BaseClass: NativeClass:/Script/Engine.RectLight Name:RectLight_UAID_D85ED35F0F6851B601_1769507610 Label:RectLight3 SpatiallyLoaded:1 Bounds:IsValid=true, Min=(X=-6041.950 Y=-5071.950 Z=-6061.950), Max=(X=6461.950 Y=7431.950 Z=6441.950) RuntimeGrid:None EditorOnly:0 RuntimeOnly:0 HLODRelevant:0 FolderPath:Lighting/StaticLights FolderGuid:D383604B475E51E0FEF98583AF778C9D
 |   |   |- [+] [ 37]
 |   |   |   |- Guid:D161BAA4421DCD7320D3D0B4DD5E534A BaseClass: NativeClass:/Script/Engine.DecalActor Name:DecalActor_UAID_088FC32AD524AFB601_1475134174 Label:DecalActor3 SpatiallyLoaded:1 Bounds:IsValid=true, Min=(X=-2070.072 Y=2056.197 Z=-512.843), Max=(X=-1869.928 Y=2243.803 Z=-367.157) RuntimeGrid:None EditorOnly:0 RuntimeOnly:0 HLODRelevant:0
 |   |   |- [+] [ 38]
 |   |   |   |- Guid:B0984F2D41956F9892BE3585C1BE9DEE BaseClass:/Game/ThirdPerson/Maps/_GENERATED/1028560/Door/BP_Door3.BP_Door3_C NativeClass:/Script/Engine.Actor Name:BP_Door3_C_UAID_088FC32AD524ACB601_1190111635 Label:BP_Door3 SpatiallyLoaded:1 Bounds:IsValid=true, Min=(X=207.176 Y=1048.859 Z=-3.125), Max=(X=269.654 Y=1387.173 Z=393.467) RuntimeGrid:None EditorOnly:0 RuntimeOnly:0 HLODRelevant:0 FolderPath:Doors FolderGuid:3E4B196D415042C0A78517B56E352A67
 |   |   |- [+] [ 39]
 |   |   |   |- Guid:3180969141C6D1061FCDEE84ACBEBFD9 BaseClass:/Game/ThirdPerson/Maps/_GENERATED/1028560/Door/BP_Door4.BP_Door4_C NativeClass:/Script/Engine.Actor Name:BP_Door4_C_UAID_088FC32AD524ACB601_1248203636 Label:BP_Door4 SpatiallyLoaded:1 Bounds:IsValid=true, Min=(X=2154.997 Y=1877.306 Z=-637.500), Max=(X=2452.684 Y=2309.610 Z=-108.710) RuntimeGrid:None EditorOnly:0 RuntimeOnly:0 HLODRelevant:0 FolderPath:Doors FolderGuid:3E4B196D415042C0A78517B56E352A67
 |   |   |- [+] [ 40]
 |   |   |   |- Guid:B7070421490A8DF125995CA547E4B56D BaseClass: NativeClass:/Script/Engine.StaticMeshActor Name:StaticMeshActor_UAID_D85ED3A2930652B601_1864696786 Label:CubeGridToolOutput2 SpatiallyLoaded:1 Bounds:IsValid=true, Min=(X=1000.000 Y=-6870.000 Z=-0.000), Max=(X=4400.000 Y=-4170.000 Z=700.000) RuntimeGrid:None EditorOnly:0 RuntimeOnly:0 HLODRelevant:0 FolderPath:Playground FolderGuid:C73F09FC4215536B1DCE2A9E0A830C70
 |   |   |- [+] [ 41]
 |   |   |   |- Guid:651FD1FF42F60F31516D369D50BBA67C BaseClass: NativeClass:/Script/Engine.StaticMeshActor Name:StaticMeshActor_UAID_088FC32AD52424B701_1084531752 Label:effy4_GeoSphere5 SpatiallyLoaded:1 Bounds:IsValid=true, Min=(X=276.460 Y=-2043.301 Z=200.519), Max=(X=282.326 Y=-2035.541 Z=207.986) RuntimeGrid:None EditorOnly:0 RuntimeOnly:0 HLODRelevant:1
 |   |   |- [+] [ 42]
 |   |   |   |- Guid:E72DD6774E3DB2A4739CCAB5751AB99A BaseClass:/Game/Combat_Blueprint/TheNightmareBossFight/BP_NightmareBoss.BP_NightmareBoss_C NativeClass:/Script/Engine.Character Name:BP_NightmareBoss_C_UAID_D85ED3A293065DB601_2007440723 Label:BP_NightmareBoss SpatiallyLoaded:1 Bounds:IsValid=true, Min=(X=-1046.000 Y=-3691.752 Z=-228.000), Max=(X=-214.000 Y=-2576.619 Z=620.893) RuntimeGrid:None EditorOnly:0 RuntimeOnly:0 HLODRelevant:0 FolderPath:Enemies FolderGuid:8D000C48462CB4810DECFF89E0F56A19
 |   |   |- [+] [ 43]
 |   |   |   |- Guid:E0BB4E784499BBCA260BCFBDB44603F5 BaseClass: NativeClass:/Script/Engine.StaticMeshActor Name:StaticMeshActor_UAID_088FC32AD524ADB601_1782544818 Label:Cube3 SpatiallyLoaded:1 Bounds:IsValid=true, Min=(X=1650.000 Y=2380.000 Z=-1045.000), Max=(X=2850.000 Y=2480.000 Z=-95.000) RuntimeGrid:None EditorOnly:0 RuntimeOnly:0 HLODRelevant:1 FolderPath:Playground FolderGuid:C73F09FC4215536B1DCE2A9E0A830C70
 |   |   |- [+] [ 44]
 |   |   |   |- Guid:D90347FB41C5C418B825D2BE055E8292 BaseClass: NativeClass:/Script/Engine.PlayerStart Name:PlayerStart_0 Label:PlayerStart SpatiallyLoaded:0 Bounds:IsValid=true, Min=(X=1100.000 Y=2660.000 Z=0.013), Max=(X=1180.000 Y=2740.000 Z=184.013) RuntimeGrid:None EditorOnly:0 RuntimeOnly:0 HLODRelevant:0
 |   |   |- [+] [ 45]
 |   |   |   |- Guid:0554D71B4FD7A7A66F4A2687E858F883 BaseClass: NativeClass:/Script/Engine.StaticMeshActor Name:StaticMeshActor_UAID_088FC32AD52423B701_1448634569 Label:effy4_arm001 SpatiallyLoaded:1 Bounds:IsValid=true, Min=(X=295.925 Y=-2056.493 Z=158.129), Max=(X=310.748 Y=-2011.529 Z=205.632) RuntimeGrid:None EditorOnly:0 RuntimeOnly:0 HLODRelevant:1
 |   |   |- [+] [ 46]
 |   |   |   |- Guid:27DC8F9F4780B5B7A8C5A0AD4100D53A BaseClass: NativeClass:/Script/Engine.StaticMeshActor Name:StaticMeshActor_UAID_D85ED3A2930652B601_1869624787 Label:CubeGridToolOutput3 SpatiallyLoaded:1 Bounds:IsValid=true, Min=(X=-2900.000 Y=-6870.000 Z=-0.000), Max=(X=500.000 Y=-4170.000 Z=700.000) RuntimeGrid:None EditorOnly:0 RuntimeOnly:0 HLODRelevant:0 FolderPath:Playground FolderGuid:C73F09FC4215536B1DCE2A9E0A830C70
 |   |   |- [+] [ 47]
 |   |   |   |- Guid:F9C4476A44121BA10E4044B6A1BA973E BaseClass:/Game/Combat_Blueprint/PickUp_Sword.PickUp_Sword_C NativeClass:/Script/Engine.Actor Name:PickUp_Sword_C_UAID_D85ED3A2930661B601_1609278431 Label:PickUp_Sword SpatiallyLoaded:1 Bounds:IsValid=true, Min=(X=922.000 Y=2458.000 Z=-32.000), Max=(X=1178.000 Y=2522.000 Z=32.000) RuntimeGrid:None EditorOnly:0 RuntimeOnly:0 HLODRelevant:0
 |   |   |- [+] [ 48]
 |   |   |   |- Guid:955158544F64F6EFFE81A398E59DE59C BaseClass: NativeClass:/Script/Engine.SkeletalMeshActor Name:SkeletalMeshActor_UAID_D85ED3A2930652B601_2015322791 Label:DragonTheSoulEater_Physics SpatiallyLoaded:1 Bounds:IsValid=true, Min=(X=-1020.000 Y=-2680.000 Z=100.000), Max=(X=-1020.000 Y=-2680.000 Z=100.000) RuntimeGrid:None EditorOnly:0 RuntimeOnly:0 HLODRelevant:0 FolderPath:Enemies FolderGuid:8D000C48462CB4810DECFF89E0F56A19
 |   |   |- [+] [ 49]
 |   |   |   |- Guid:A0F7B37B4767A0E4D2D47795F612849C BaseClass:/Game/ThirdPerson/Maps/_GENERATED/1028560/Door/BP_Door6.BP_Door6_C NativeClass:/Script/Engine.Actor Name:BP_Door6_C_UAID_088FC32AD524ADB601_1102691815 Label:BP_Door6 SpatiallyLoaded:1 Bounds:IsValid=true, Min=(X=-1371.521 Y=-4429.539 Z=92.500), Max=(X=-920.436 Y=-4346.235 Z=621.290) RuntimeGrid:None EditorOnly:0 RuntimeOnly:0 HLODRelevant:0 FolderPath:Doors FolderGuid:3E4B196D415042C0A78517B56E352A67
 |   |   |- [+] [ 50]
 |   |   |   |- Guid:22DA87B04E1E0A1E881CD5B481DC3E09 BaseClass:/Game/ThirdPerson/Maps/_GENERATED/1028560/Door/BP_Door5.BP_Door5_C NativeClass:/Script/Engine.Actor Name:BP_Door5_C_UAID_088FC32AD524ACB601_2106331638 Label:BP_Door5 SpatiallyLoaded:1 Bounds:IsValid=true, Min=(X=1278.859 Y=5490.346 Z=-623.125), Max=(X=1617.173 Y=5552.824 Z=-226.533) RuntimeGrid:None EditorOnly:0 RuntimeOnly:0 HLODRelevant:0 FolderPath:Doors FolderGuid:3E4B196D415042C0A78517B56E352A67
 |   |   |- [+] [ 51]
 |   |   |   |- Guid:DEBFBA16461A5D2DC4CB29990768DDF7 BaseClass:/Game/ThirdPerson/Maps/_GENERATED/1028560/Door/BP_Door3.BP_Door3_C NativeClass:/Script/Engine.Actor Name:BP_Door3_C_UAID_088FC32AD52425B701_1911760919 Label:BP_Door8 SpatiallyLoaded:1 Bounds:IsValid=true, Min=(X=1452.827 Y=1837.176 Z=-603.125), Max=(X=1791.141 Y=1899.654 Z=-206.533) RuntimeGrid:None EditorOnly:0 RuntimeOnly:0 HLODRelevant:0 FolderPath:Doors FolderGuid:3E4B196D415042C0A78517B56E352A67
 |- ContainerInstances:
 |- [+] MainContainer:
 |   |-        ID: 0x0000000000000000
 |   |-    Bounds: IsValid=false, Min=(X=0.000 Y=0.000 Z=0.000), Max=(X=0.000 Y=0.000 Z=0.000)
 |   |- Transform: 0.000000,0.000000,0.000000|0.000000,0.000000,-0.000000|1.000000,1.000000,1.000000
 |   |- Container: /Game/ThirdPersonMap
----------------------------------------------------------------------------------------------------------------
ThirdPersonMap - Persistent Level
----------------------------------------------------------------------------------------------------------------
Always loaded Actor Count: 59 

----------------------------------------------------------------------------------------------------------------
ThirdPersonMap - Runtime Spatial Hash - Streaming Grid - MainGrid
----------------------------------------------------------------------------------------------------------------
            Origin: X=0.000 Y=0.000 Z=0.000
         Cell Size: 12800
      World Bounds: IsValid=false, Min=(X=0.000 Y=0.000 Z=0.000), Max=(X=0.000 Y=0.000 Z=0.000)
     Loading Range: 25600.00
Block Slow Loading: No
 ClientOnlyVisible: No

[+] Grid Levels: 1
 |- Level  0: Cell Count    0 | Cell Size   12800 | Actor Count    0 (0.0%)

[+] Content of Grid Level 0

