[+] Containers:
 |- [+] Container: /Game/ThirdPerson/Maps/ThirdPersonMap
 |   |- [+] ActorDescs:
 |   |   |- Guid:0B894A6747CC5688479BA78C3672AE80 BaseClass:/Game/Combat_Blueprint/TheNightmareBossFight/BP_NightmareBoss.BP_NightmareBoss_C NativeClass:/Script/Engine.Character Name:BP_NightmareBoss_C_UAID_D85ED3A293065DB601_2007440723 Label:BP_NightmareBoss SpatiallyLoaded:1 Bounds:IsValid=true, Min=(X=-1046.000 Y=-3691.752 Z=-228.000), Max=(X=-214.000 Y=-2576.619 Z=620.893) RuntimeGrid:None EditorOnly:0 RuntimeOnly:0 HLODRelevant:0
 |   |   |- Guid:1AAF4E1740D6A633D2715FB7F6DB816F BaseClass:/Game/Combat_Blueprint/PickUp_Sword.PickUp_Sword_C NativeClass:/Script/Engine.Actor Name:PickUp_Sword_C_UAID_D85ED3A2930661B601_1609278431 Label:PickUp_Sword SpatiallyLoaded:1 Bounds:IsValid=true, Min=(X=922.000 Y=2458.000 Z=-32.000), Max=(X=1178.000 Y=2522.000 Z=32.000) RuntimeGrid:None EditorOnly:0 RuntimeOnly:0 HLODRelevant:0
 |   |   |- Guid:2FB58999456391D349DC0F86DAC136ED BaseClass: NativeClass:/Script/Engine.SkyLight Name:SkyLight_1 Label:SkyLight SpatiallyLoaded:0 Bounds:IsValid=true, Min=(X=0.000 Y=0.000 Z=690.000), Max=(X=0.000 Y=0.000 Z=690.000) RuntimeGrid:None EditorOnly:0 RuntimeOnly:0 HLODRelevant:0 FolderPath:Lighting/World FolderGuid:0E6E4D544E1D6EC1125C6884D799B962
 |   |   |- Guid:316CF2A6494ACA4C0E4180A87D36AB8F BaseClass: NativeClass:/Script/Engine.ExponentialHeightFog Name:ExponentialHeightFog_0 Label:ExponentialHeightFog SpatiallyLoaded:0 Bounds:IsValid=true, Min=(X=-5600.000 Y=-50.000 Z=-6850.000), Max=(X=-5600.000 Y=-50.000 Z=-6850.000) RuntimeGrid:None EditorOnly:0 RuntimeOnly:0 HLODRelevant:0 FolderPath:Lighting/World FolderGuid:0E6E4D544E1D6EC1125C6884D799B962
 |   |   |- Guid:3A00AA1C422CE54C0BDB60BAF471BFBB BaseClass: NativeClass:/Script/Engine.PlayerStart Name:PlayerStart_0 Label:PlayerStart SpatiallyLoaded:0 Bounds:IsValid=true, Min=(X=1100.000 Y=2660.000 Z=0.013), Max=(X=1180.000 Y=2740.000 Z=184.013) RuntimeGrid:None EditorOnly:0 RuntimeOnly:0 HLODRelevant:0
 |   |   |- Guid:42A8FB874B6D4A65432D1995EBD0CC62 BaseClass: NativeClass:/Script/Engine.SkeletalMeshActor Name:SkeletalMeshActor_UAID_D85ED3A2930653B601_1719248972 Label:DragonTheUsurper_Physics SpatiallyLoaded:1 Bounds:IsValid=true, Min=(X=-1982.121 Y=-6905.105 Z=98.075), Max=(X=-214.567 Y=-5257.835 Z=754.095) RuntimeGrid:None EditorOnly:0 RuntimeOnly:0 HLODRelevant:0
 |   |   |- Guid:4D3BE93F4146AAAC8BBE79999D96D57F BaseClass: NativeClass:/Script/Engine.VolumetricCloud Name:VolumetricCloud_0 Label:VolumetricCloud SpatiallyLoaded:0 Bounds:IsValid=true, Min=(X=0.000 Y=0.000 Z=820.000), Max=(X=0.000 Y=0.000 Z=820.000) RuntimeGrid:None EditorOnly:0 RuntimeOnly:0 HLODRelevant:0 FolderPath:Lighting/World FolderGuid:0E6E4D544E1D6EC1125C6884D799B962
 |   |   |- Guid:556172D54F975FBEBC5C4097361B3895 BaseClass: NativeClass:/Script/Engine.SkeletalMeshActor Name:SkeletalMeshActor_UAID_D85ED3A2930653B601_1734578973 Label:DragonTheSoulEater_Physics2 SpatiallyLoaded:1 Bounds:IsValid=true, Min=(X=2510.193 Y=-6623.049 Z=99.562), Max=(X=3116.815 Y=-5650.613 Z=682.521) RuntimeGrid:None EditorOnly:0 RuntimeOnly:0 HLODRelevant:0
 |   |   |- Guid:5ED0CD214D55B406CF3DF0823A36B2CB BaseClass: NativeClass:/Script/Engine.SkeletalMeshActor Name:SkeletalMeshActor_UAID_D85ED3A2930653B601_1674526970 Label:DragonTheNightmare_Physics SpatiallyLoaded:1 Bounds:IsValid=true, Min=(X=2354.970 Y=-3791.752 Z=96.440), Max=(X=3044.904 Y=-2676.619 Z=532.893) RuntimeGrid:None EditorOnly:0 RuntimeOnly:0 HLODRelevant:0
 |   |   |- Guid:60D7195B43D635872C6CC294F8B2F2A8 BaseClass: NativeClass:/Script/Engine.StaticMeshActor Name:StaticMeshActor_UAID_088FC32AD524A7B601_2011050743 Label:door SpatiallyLoaded:1 Bounds:IsValid=true, Min=(X=778.859 Y=2090.346 Z=2.110), Max=(X=1117.173 Y=2152.824 Z=383.467) RuntimeGrid:None EditorOnly:0 RuntimeOnly:0 HLODRelevant:1
 |   |   |- Guid:6BAF4DDD444C60371492D3919DB42C97 BaseClass: NativeClass:/Script/Engine.WorldDataLayers Name:WorldDataLayers Label:WorldDataLayers SpatiallyLoaded:0 Bounds:IsValid=true, Min=(X=0.000 Y=0.000 Z=0.000), Max=(X=0.000 Y=0.000 Z=0.000) RuntimeGrid:None EditorOnly:0 RuntimeOnly:0 HLODRelevant:0
 |   |   |- Guid:80F3DFA040C615229D066D8E9CDCC8EB BaseClass: NativeClass:/Script/Engine.StaticMeshActor Name:StaticMeshActor_UAID_D85ED3A2930652B601_1774155783 Label:CubeGridToolOutput SpatiallyLoaded:1 Bounds:IsValid=true, Min=(X=1000.000 Y=-3800.000 Z=-0.000), Max=(X=4400.000 Y=-1100.000 Z=700.000) RuntimeGrid:None EditorOnly:0 RuntimeOnly:0 HLODRelevant:0
 |   |   |- Guid:839582064F12C138B57FAF87B640C6B7 BaseClass: NativeClass:/Script/Engine.SkeletalMeshActor Name:SkeletalMeshActor_UAID_D85ED3A2930652B601_2015322791 Label:DragonTheSoulEater_Physics SpatiallyLoaded:1 Bounds:IsValid=true, Min=(X=-1319.807 Y=-3303.049 Z=99.562), Max=(X=-713.185 Y=-2330.613 Z=682.521) RuntimeGrid:None EditorOnly:0 RuntimeOnly:0 HLODRelevant:0
 |   |   |- Guid:89FA295744A69202D22BA38E5BBB7B7A BaseClass: NativeClass:/Script/Engine.StaticMeshActor Name:StaticMeshActor_UAID_D85ED3A2930652B601_1864696786 Label:CubeGridToolOutput2 SpatiallyLoaded:1 Bounds:IsValid=true, Min=(X=1000.000 Y=-6870.000 Z=-0.000), Max=(X=4400.000 Y=-4170.000 Z=700.000) RuntimeGrid:None EditorOnly:0 RuntimeOnly:0 HLODRelevant:0
 |   |   |- Guid:B785ED2844B84CFB91E7F39FE661CD99 BaseClass: NativeClass:/Script/Engine.DirectionalLight Name:DirectionalLight_0 Label:DirectionalLight SpatiallyLoaded:0 Bounds:IsValid=true, Min=(X=-4398046511104.000 Y=-4398046511104.000 Z=-4398046511104.000), Max=(X=4398046511104.000 Y=4398046511104.000 Z=4398046511104.000) RuntimeGrid:None EditorOnly:0 RuntimeOnly:0 HLODRelevant:0 FolderPath:Lighting/World FolderGuid:0E6E4D544E1D6EC1125C6884D799B962
 |   |   |- Guid:BF51C4FA4A8B799870F444BCA07EB6AC BaseClass: NativeClass:/Script/Engine.StaticMeshActor Name:StaticMeshActor_UAID_D85ED3A2930652B601_1880743788 Label:CubeGridToolOutput4 SpatiallyLoaded:1 Bounds:IsValid=true, Min=(X=-2900.000 Y=-3810.000 Z=-0.000), Max=(X=500.000 Y=-1110.000 Z=700.000) RuntimeGrid:None EditorOnly:0 RuntimeOnly:0 HLODRelevant:0
 |   |   |- Guid:CCFF262C46EEFFDF319E7F9539CE697E BaseClass: NativeClass:/Script/Engine.SkyAtmosphere Name:SkyAtmosphere_0 Label:SkyAtmosphere SpatiallyLoaded:0 Bounds:IsValid=true, Min=(X=0.000 Y=0.000 Z=1020.000), Max=(X=0.000 Y=0.000 Z=1020.000) RuntimeGrid:None EditorOnly:0 RuntimeOnly:0 HLODRelevant:0 FolderPath:Lighting/World FolderGuid:0E6E4D544E1D6EC1125C6884D799B962
 |   |   |- Guid:EC4E0C944CE6AC6E784BC6BB2916EA13 BaseClass: NativeClass:/Script/Engine.StaticMeshActor Name:StaticMeshActor_UAID_A4AE111137DC5EFB00_1110535423 Label:SM_SkySphere SpatiallyLoaded:0 Bounds:IsValid=true, Min=(X=-1638400.000 Y=-1638400.000 Z=-1638400.000), Max=(X=1638400.000 Y=1638400.000 Z=1638400.000) RuntimeGrid:None EditorOnly:0 RuntimeOnly:0 HLODRelevant:1 FolderPath:Lighting/World FolderGuid:0E6E4D544E1D6EC1125C6884D799B962
 |   |   |- Guid:F1924B8D48954B30891B2DB6A694F9CC BaseClass: NativeClass:/Script/Engine.StaticMeshActor Name:StaticMeshActor_1 Label:SM_MagicDoor SpatiallyLoaded:1 Bounds:IsValid=true, Min=(X=-410.000 Y=-0.000 Z=-800.000), Max=(X=2700.000 Y=3500.000 Z=500.000) RuntimeGrid:None EditorOnly:0 RuntimeOnly:0 HLODRelevant:1 FolderPath:Playground FolderGuid:C73F09FC4215536B1DCE2A9E0A830C70
 |   |   |- Guid:F4808FF94207C79B934E18886598B336 BaseClass: NativeClass:/Script/Engine.StaticMeshActor Name:StaticMeshActor_UAID_D85ED3A2930652B601_1869624787 Label:CubeGridToolOutput3 SpatiallyLoaded:1 Bounds:IsValid=true, Min=(X=-2900.000 Y=-6870.000 Z=-0.000), Max=(X=500.000 Y=-4170.000 Z=700.000) RuntimeGrid:None EditorOnly:0 RuntimeOnly:0 HLODRelevant:0
 |   |   |- Guid:F5E3FEB3450C49844FD93DA8E083C8AD BaseClass: NativeClass:/Script/Engine.PostProcessVolume Name:PostProcessVolume_0 Label:PostProcessVolume SpatiallyLoaded:0 Bounds:IsValid=true, Min=(X=0.000 Y=0.000 Z=400.000), Max=(X=200.000 Y=200.000 Z=600.000) RuntimeGrid:None EditorOnly:0 RuntimeOnly:0 HLODRelevant:0 FolderPath:Lighting/World FolderGuid:0E6E4D544E1D6EC1125C6884D799B962
 |   |   |- Guid:FE7A39DC459110187C1C629775AB07CE BaseClass: NativeClass:/Script/Engine.RectLight Name:RectLight_UAID_D85ED35F0F6851B601_1657969609 Label:RectLight2 SpatiallyLoaded:1 Bounds:IsValid=true, Min=(X=-1513.953 Y=276.047 Z=-2523.953), Max=(X=3913.953 Y=5703.953 Z=2903.953) RuntimeGrid:None EditorOnly:0 RuntimeOnly:0 HLODRelevant:0 FolderPath:Lighting/StaticLights FolderGuid:D383604B475E51E0FEF98583AF778C9D
 |   |   |- Guid:FEA08411432F0D298E14C9B6D638242E BaseClass: NativeClass:/Script/Engine.RectLight Name:RectLight_UAID_D85ED35F0F6851B601_1570619608 Label:RectLight SpatiallyLoaded:1 Bounds:IsValid=true, Min=(X=-5051.950 Y=-4141.950 Z=-6061.950), Max=(X=7451.950 Y=8361.950 Z=6441.950) RuntimeGrid:None EditorOnly:0 RuntimeOnly:0 HLODRelevant:0 FolderPath:Lighting/StaticLights FolderGuid:D383604B475E51E0FEF98583AF778C9D
 |   |   |- Guid:FFF503034B10269D49CA9A8C6B28FD15 BaseClass: NativeClass:/Script/Engine.RectLight Name:RectLight_UAID_D85ED35F0F6851B601_1769507610 Label:RectLight3 SpatiallyLoaded:1 Bounds:IsValid=true, Min=(X=-6041.950 Y=-5071.950 Z=-6061.950), Max=(X=6461.950 Y=7431.950 Z=6441.950) RuntimeGrid:None EditorOnly:0 RuntimeOnly:0 HLODRelevant:0 FolderPath:Lighting/StaticLights FolderGuid:D383604B475E51E0FEF98583AF778C9D
 |   |- [+] Clusters:
 |   |   |- [+] [  0]
 |   |   |   |- Guid:6BAF4DDD444C60371492D3919DB42C97 BaseClass: NativeClass:/Script/Engine.WorldDataLayers Name:WorldDataLayers Label:WorldDataLayers SpatiallyLoaded:0 Bounds:IsValid=true, Min=(X=0.000 Y=0.000 Z=0.000), Max=(X=0.000 Y=0.000 Z=0.000) RuntimeGrid:None EditorOnly:0 RuntimeOnly:0 HLODRelevant:0
 |   |   |- [+] [  1]
 |   |   |   |- Guid:F5E3FEB3450C49844FD93DA8E083C8AD BaseClass: NativeClass:/Script/Engine.PostProcessVolume Name:PostProcessVolume_0 Label:PostProcessVolume SpatiallyLoaded:0 Bounds:IsValid=true, Min=(X=0.000 Y=0.000 Z=400.000), Max=(X=200.000 Y=200.000 Z=600.000) RuntimeGrid:None EditorOnly:0 RuntimeOnly:0 HLODRelevant:0 FolderPath:Lighting/World FolderGuid:0E6E4D544E1D6EC1125C6884D799B962
 |   |   |- [+] [  2]
 |   |   |   |- Guid:4D3BE93F4146AAAC8BBE79999D96D57F BaseClass: NativeClass:/Script/Engine.VolumetricCloud Name:VolumetricCloud_0 Label:VolumetricCloud SpatiallyLoaded:0 Bounds:IsValid=true, Min=(X=0.000 Y=0.000 Z=820.000), Max=(X=0.000 Y=0.000 Z=820.000) RuntimeGrid:None EditorOnly:0 RuntimeOnly:0 HLODRelevant:0 FolderPath:Lighting/World FolderGuid:0E6E4D544E1D6EC1125C6884D799B962
 |   |   |- [+] [  3]
 |   |   |   |- Guid:5ED0CD214D55B406CF3DF0823A36B2CB BaseClass: NativeClass:/Script/Engine.SkeletalMeshActor Name:SkeletalMeshActor_UAID_D85ED3A2930653B601_1674526970 Label:DragonTheNightmare_Physics SpatiallyLoaded:1 Bounds:IsValid=true, Min=(X=2354.970 Y=-3791.752 Z=96.440), Max=(X=3044.904 Y=-2676.619 Z=532.893) RuntimeGrid:None EditorOnly:0 RuntimeOnly:0 HLODRelevant:0
 |   |   |- [+] [  4]
 |   |   |   |- Guid:CCFF262C46EEFFDF319E7F9539CE697E BaseClass: NativeClass:/Script/Engine.SkyAtmosphere Name:SkyAtmosphere_0 Label:SkyAtmosphere SpatiallyLoaded:0 Bounds:IsValid=true, Min=(X=0.000 Y=0.000 Z=1020.000), Max=(X=0.000 Y=0.000 Z=1020.000) RuntimeGrid:None EditorOnly:0 RuntimeOnly:0 HLODRelevant:0 FolderPath:Lighting/World FolderGuid:0E6E4D544E1D6EC1125C6884D799B962
 |   |   |- [+] [  5]
 |   |   |   |- Guid:EC4E0C944CE6AC6E784BC6BB2916EA13 BaseClass: NativeClass:/Script/Engine.StaticMeshActor Name:StaticMeshActor_UAID_A4AE111137DC5EFB00_1110535423 Label:SM_SkySphere SpatiallyLoaded:0 Bounds:IsValid=true, Min=(X=-1638400.000 Y=-1638400.000 Z=-1638400.000), Max=(X=1638400.000 Y=1638400.000 Z=1638400.000) RuntimeGrid:None EditorOnly:0 RuntimeOnly:0 HLODRelevant:1 FolderPath:Lighting/World FolderGuid:0E6E4D544E1D6EC1125C6884D799B962
 |   |   |- [+] [  6]
 |   |   |   |- Guid:B785ED2844B84CFB91E7F39FE661CD99 BaseClass: NativeClass:/Script/Engine.DirectionalLight Name:DirectionalLight_0 Label:DirectionalLight SpatiallyLoaded:0 Bounds:IsValid=true, Min=(X=-4398046511104.000 Y=-4398046511104.000 Z=-4398046511104.000), Max=(X=4398046511104.000 Y=4398046511104.000 Z=4398046511104.000) RuntimeGrid:None EditorOnly:0 RuntimeOnly:0 HLODRelevant:0 FolderPath:Lighting/World FolderGuid:0E6E4D544E1D6EC1125C6884D799B962
 |   |   |- [+] [  7]
 |   |   |   |- Guid:556172D54F975FBEBC5C4097361B3895 BaseClass: NativeClass:/Script/Engine.SkeletalMeshActor Name:SkeletalMeshActor_UAID_D85ED3A2930653B601_1734578973 Label:DragonTheSoulEater_Physics2 SpatiallyLoaded:1 Bounds:IsValid=true, Min=(X=2510.193 Y=-6623.049 Z=99.562), Max=(X=3116.815 Y=-5650.613 Z=682.521) RuntimeGrid:None EditorOnly:0 RuntimeOnly:0 HLODRelevant:0
 |   |   |- [+] [  8]
 |   |   |   |- Guid:316CF2A6494ACA4C0E4180A87D36AB8F BaseClass: NativeClass:/Script/Engine.ExponentialHeightFog Name:ExponentialHeightFog_0 Label:ExponentialHeightFog SpatiallyLoaded:0 Bounds:IsValid=true, Min=(X=-5600.000 Y=-50.000 Z=-6850.000), Max=(X=-5600.000 Y=-50.000 Z=-6850.000) RuntimeGrid:None EditorOnly:0 RuntimeOnly:0 HLODRelevant:0 FolderPath:Lighting/World FolderGuid:0E6E4D544E1D6EC1125C6884D799B962
 |   |   |- [+] [  9]
 |   |   |   |- Guid:F1924B8D48954B30891B2DB6A694F9CC BaseClass: NativeClass:/Script/Engine.StaticMeshActor Name:StaticMeshActor_1 Label:SM_MagicDoor SpatiallyLoaded:1 Bounds:IsValid=true, Min=(X=-410.000 Y=-0.000 Z=-800.000), Max=(X=2700.000 Y=3500.000 Z=500.000) RuntimeGrid:None EditorOnly:0 RuntimeOnly:0 HLODRelevant:1 FolderPath:Playground FolderGuid:C73F09FC4215536B1DCE2A9E0A830C70
 |   |   |- [+] [ 10]
 |   |   |   |- Guid:80F3DFA040C615229D066D8E9CDCC8EB BaseClass: NativeClass:/Script/Engine.StaticMeshActor Name:StaticMeshActor_UAID_D85ED3A2930652B601_1774155783 Label:CubeGridToolOutput SpatiallyLoaded:1 Bounds:IsValid=true, Min=(X=1000.000 Y=-3800.000 Z=-0.000), Max=(X=4400.000 Y=-1100.000 Z=700.000) RuntimeGrid:None EditorOnly:0 RuntimeOnly:0 HLODRelevant:0
 |   |   |- [+] [ 11]
 |   |   |   |- Guid:BF51C4FA4A8B799870F444BCA07EB6AC BaseClass: NativeClass:/Script/Engine.StaticMeshActor Name:StaticMeshActor_UAID_D85ED3A2930652B601_1880743788 Label:CubeGridToolOutput4 SpatiallyLoaded:1 Bounds:IsValid=true, Min=(X=-2900.000 Y=-3810.000 Z=-0.000), Max=(X=500.000 Y=-1110.000 Z=700.000) RuntimeGrid:None EditorOnly:0 RuntimeOnly:0 HLODRelevant:0
 |   |   |- [+] [ 12]
 |   |   |   |- Guid:2FB58999456391D349DC0F86DAC136ED BaseClass: NativeClass:/Script/Engine.SkyLight Name:SkyLight_1 Label:SkyLight SpatiallyLoaded:0 Bounds:IsValid=true, Min=(X=0.000 Y=0.000 Z=690.000), Max=(X=0.000 Y=0.000 Z=690.000) RuntimeGrid:None EditorOnly:0 RuntimeOnly:0 HLODRelevant:0 FolderPath:Lighting/World FolderGuid:0E6E4D544E1D6EC1125C6884D799B962
 |   |   |- [+] [ 13]
 |   |   |   |- Guid:FEA08411432F0D298E14C9B6D638242E BaseClass: NativeClass:/Script/Engine.RectLight Name:RectLight_UAID_D85ED35F0F6851B601_1570619608 Label:RectLight SpatiallyLoaded:1 Bounds:IsValid=true, Min=(X=-5051.950 Y=-4141.950 Z=-6061.950), Max=(X=7451.950 Y=8361.950 Z=6441.950) RuntimeGrid:None EditorOnly:0 RuntimeOnly:0 HLODRelevant:0 FolderPath:Lighting/StaticLights FolderGuid:D383604B475E51E0FEF98583AF778C9D
 |   |   |- [+] [ 14]
 |   |   |   |- Guid:FE7A39DC459110187C1C629775AB07CE BaseClass: NativeClass:/Script/Engine.RectLight Name:RectLight_UAID_D85ED35F0F6851B601_1657969609 Label:RectLight2 SpatiallyLoaded:1 Bounds:IsValid=true, Min=(X=-1513.953 Y=276.047 Z=-2523.953), Max=(X=3913.953 Y=5703.953 Z=2903.953) RuntimeGrid:None EditorOnly:0 RuntimeOnly:0 HLODRelevant:0 FolderPath:Lighting/StaticLights FolderGuid:D383604B475E51E0FEF98583AF778C9D
 |   |   |- [+] [ 15]
 |   |   |   |- Guid:42A8FB874B6D4A65432D1995EBD0CC62 BaseClass: NativeClass:/Script/Engine.SkeletalMeshActor Name:SkeletalMeshActor_UAID_D85ED3A2930653B601_1719248972 Label:DragonTheUsurper_Physics SpatiallyLoaded:1 Bounds:IsValid=true, Min=(X=-1982.121 Y=-6905.105 Z=98.075), Max=(X=-214.567 Y=-5257.835 Z=754.095) RuntimeGrid:None EditorOnly:0 RuntimeOnly:0 HLODRelevant:0
 |   |   |- [+] [ 16]
 |   |   |   |- Guid:FFF503034B10269D49CA9A8C6B28FD15 BaseClass: NativeClass:/Script/Engine.RectLight Name:RectLight_UAID_D85ED35F0F6851B601_1769507610 Label:RectLight3 SpatiallyLoaded:1 Bounds:IsValid=true, Min=(X=-6041.950 Y=-5071.950 Z=-6061.950), Max=(X=6461.950 Y=7431.950 Z=6441.950) RuntimeGrid:None EditorOnly:0 RuntimeOnly:0 HLODRelevant:0 FolderPath:Lighting/StaticLights FolderGuid:D383604B475E51E0FEF98583AF778C9D
 |   |   |- [+] [ 17]
 |   |   |   |- Guid:89FA295744A69202D22BA38E5BBB7B7A BaseClass: NativeClass:/Script/Engine.StaticMeshActor Name:StaticMeshActor_UAID_D85ED3A2930652B601_1864696786 Label:CubeGridToolOutput2 SpatiallyLoaded:1 Bounds:IsValid=true, Min=(X=1000.000 Y=-6870.000 Z=-0.000), Max=(X=4400.000 Y=-4170.000 Z=700.000) RuntimeGrid:None EditorOnly:0 RuntimeOnly:0 HLODRelevant:0
 |   |   |- [+] [ 18]
 |   |   |   |- Guid:0B894A6747CC5688479BA78C3672AE80 BaseClass:/Game/Combat_Blueprint/TheNightmareBossFight/BP_NightmareBoss.BP_NightmareBoss_C NativeClass:/Script/Engine.Character Name:BP_NightmareBoss_C_UAID_D85ED3A293065DB601_2007440723 Label:BP_NightmareBoss SpatiallyLoaded:1 Bounds:IsValid=true, Min=(X=-1046.000 Y=-3691.752 Z=-228.000), Max=(X=-214.000 Y=-2576.619 Z=620.893) RuntimeGrid:None EditorOnly:0 RuntimeOnly:0 HLODRelevant:0
 |   |   |- [+] [ 19]
 |   |   |   |- Guid:3A00AA1C422CE54C0BDB60BAF471BFBB BaseClass: NativeClass:/Script/Engine.PlayerStart Name:PlayerStart_0 Label:PlayerStart SpatiallyLoaded:0 Bounds:IsValid=true, Min=(X=1100.000 Y=2660.000 Z=0.013), Max=(X=1180.000 Y=2740.000 Z=184.013) RuntimeGrid:None EditorOnly:0 RuntimeOnly:0 HLODRelevant:0
 |   |   |- [+] [ 20]
 |   |   |   |- Guid:F4808FF94207C79B934E18886598B336 BaseClass: NativeClass:/Script/Engine.StaticMeshActor Name:StaticMeshActor_UAID_D85ED3A2930652B601_1869624787 Label:CubeGridToolOutput3 SpatiallyLoaded:1 Bounds:IsValid=true, Min=(X=-2900.000 Y=-6870.000 Z=-0.000), Max=(X=500.000 Y=-4170.000 Z=700.000) RuntimeGrid:None EditorOnly:0 RuntimeOnly:0 HLODRelevant:0
 |   |   |- [+] [ 21]
 |   |   |   |- Guid:1AAF4E1740D6A633D2715FB7F6DB816F BaseClass:/Game/Combat_Blueprint/PickUp_Sword.PickUp_Sword_C NativeClass:/Script/Engine.Actor Name:PickUp_Sword_C_UAID_D85ED3A2930661B601_1609278431 Label:PickUp_Sword SpatiallyLoaded:1 Bounds:IsValid=true, Min=(X=922.000 Y=2458.000 Z=-32.000), Max=(X=1178.000 Y=2522.000 Z=32.000) RuntimeGrid:None EditorOnly:0 RuntimeOnly:0 HLODRelevant:0
 |   |   |- [+] [ 22]
 |   |   |   |- Guid:839582064F12C138B57FAF87B640C6B7 BaseClass: NativeClass:/Script/Engine.SkeletalMeshActor Name:SkeletalMeshActor_UAID_D85ED3A2930652B601_2015322791 Label:DragonTheSoulEater_Physics SpatiallyLoaded:1 Bounds:IsValid=true, Min=(X=-1319.807 Y=-3303.049 Z=99.562), Max=(X=-713.185 Y=-2330.613 Z=682.521) RuntimeGrid:None EditorOnly:0 RuntimeOnly:0 HLODRelevant:0
 |   |   |- [+] [ 23]
 |   |   |   |- Guid:60D7195B43D635872C6CC294F8B2F2A8 BaseClass: NativeClass:/Script/Engine.StaticMeshActor Name:StaticMeshActor_UAID_088FC32AD524A7B601_2011050743 Label:door SpatiallyLoaded:1 Bounds:IsValid=true, Min=(X=778.859 Y=2090.346 Z=2.110), Max=(X=1117.173 Y=2152.824 Z=383.467) RuntimeGrid:None EditorOnly:0 RuntimeOnly:0 HLODRelevant:1
 |- ContainerInstances:
 |- [+] MainContainer:
 |   |-        ID: 0x0000000000000000
 |   |-    Bounds: IsValid=false, Min=(X=0.000 Y=0.000 Z=0.000), Max=(X=0.000 Y=0.000 Z=0.000)
 |   |- Transform: 0.000000,0.000000,0.000000|0.000000,0.000000,-0.000000|1.000000,1.000000,1.000000
 |   |- Container: /Game/ThirdPerson/Maps/ThirdPersonMap
----------------------------------------------------------------------------------------------------------------
ThirdPersonMap - Persistent Level
----------------------------------------------------------------------------------------------------------------
Always loaded Actor Count: 32 

----------------------------------------------------------------------------------------------------------------
ThirdPersonMap - Runtime Spatial Hash - Streaming Grid - MainGrid
----------------------------------------------------------------------------------------------------------------
            Origin: X=0.000 Y=0.000 Z=0.000
         Cell Size: 12800
      World Bounds: IsValid=false, Min=(X=0.000 Y=0.000 Z=0.000), Max=(X=0.000 Y=0.000 Z=0.000)
     Loading Range: 25600.00
Block Slow Loading: No
 ClientOnlyVisible: No

[+] Grid Levels: 1
 |- Level  0: Cell Count    0 | Cell Size   12800 | Actor Count    0 (0.0%)

[+] Content of Grid Level 0

